C:\USERS\NJAGDALE\DOCUMENTS\VISUAL STUDIO 2010\PROJECTS\PRACTICE\DEBUG\TEMPLATES_SCRATCH.EXE
C:\USERS\NJAGDALE\DOCUMENTS\VISUAL STUDIO 2010\PROJECTS\PRACTICE\DEBUG\TEMPLATES_SCRATCH.ILK
C:\USERS\NJAGDALE\DOCUMENTS\VISUAL STUDIO 2010\PROJECTS\PRACTICE\DEBUG\TEMPLATES_SCRATCH.PDB
C:\Users\njagdale\Documents\Visual Studio 2010\Projects\templates_scratch\templates_scratch\Debug\cl.command.1.tlog
C:\Users\njagdale\Documents\Visual Studio 2010\Projects\templates_scratch\templates_scratch\Debug\CL.read.1.tlog
C:\Users\njagdale\Documents\Visual Studio 2010\Projects\templates_scratch\templates_scratch\Debug\CL.write.1.tlog
C:\Users\njagdale\Documents\Visual Studio 2010\Projects\templates_scratch\templates_scratch\Debug\link.9740.read.1.tlog
C:\Users\njagdale\Documents\Visual Studio 2010\Projects\templates_scratch\templates_scratch\Debug\link.9740.write.1.tlog
C:\Users\njagdale\Documents\Visual Studio 2010\Projects\templates_scratch\templates_scratch\Debug\link.9740-cvtres.read.1.tlog
C:\Users\njagdale\Documents\Visual Studio 2010\Projects\templates_scratch\templates_scratch\Debug\link.9740-cvtres.write.1.tlog
C:\Users\njagdale\Documents\Visual Studio 2010\Projects\templates_scratch\templates_scratch\Debug\link.command.1.tlog
C:\Users\njagdale\Documents\Visual Studio 2010\Projects\templates_scratch\templates_scratch\Debug\link.read.1.tlog
C:\Users\njagdale\Documents\Visual Studio 2010\Projects\templates_scratch\templates_scratch\Debug\link.write.1.tlog
C:\Users\njagdale\Documents\Visual Studio 2010\Projects\templates_scratch\templates_scratch\Debug\link-cvtres.read.1.tlog
C:\Users\njagdale\Documents\Visual Studio 2010\Projects\templates_scratch\templates_scratch\Debug\link-cvtres.write.1.tlog
C:\USERS\NJAGDALE\DOCUMENTS\VISUAL STUDIO 2010\PROJECTS\TEMPLATES_SCRATCH\TEMPLATES_SCRATCH\DEBUG\MAIN.OBJ
C:\Users\njagdale\Documents\Visual Studio 2010\Projects\templates_scratch\templates_scratch\Debug\mt.command.1.tlog
C:\Users\njagdale\Documents\Visual Studio 2010\Projects\templates_scratch\templates_scratch\Debug\mt.read.1.tlog
C:\Users\njagdale\Documents\Visual Studio 2010\Projects\templates_scratch\templates_scratch\Debug\mt.write.1.tlog
C:\Users\njagdale\Documents\Visual Studio 2010\Projects\templates_scratch\templates_scratch\Debug\rc.command.1.tlog
C:\Users\njagdale\Documents\Visual Studio 2010\Projects\templates_scratch\templates_scratch\Debug\rc.read.1.tlog
C:\Users\njagdale\Documents\Visual Studio 2010\Projects\templates_scratch\templates_scratch\Debug\rc.write.1.tlog
C:\USERS\NJAGDALE\DOCUMENTS\VISUAL STUDIO 2010\PROJECTS\TEMPLATES_SCRATCH\TEMPLATES_SCRATCH\DEBUG\TEMPLATES_SCRATCH.EXE.EMBED.MANIFEST
C:\USERS\NJAGDALE\DOCUMENTS\VISUAL STUDIO 2010\PROJECTS\TEMPLATES_SCRATCH\TEMPLATES_SCRATCH\DEBUG\TEMPLATES_SCRATCH.EXE.EMBED.MANIFEST.RES
C:\USERS\NJAGDALE\DOCUMENTS\VISUAL STUDIO 2010\PROJECTS\TEMPLATES_SCRATCH\TEMPLATES_SCRATCH\DEBUG\TEMPLATES_SCRATCH.EXE.INTERMEDIATE.MANIFEST
C:\Users\njagdale\Documents\Visual Studio 2010\Projects\templates_scratch\templates_scratch\Debug\templates_scratch.write.1.tlog
C:\Users\njagdale\Documents\Visual Studio 2010\Projects\templates_scratch\templates_scratch\Debug\templates_scratch_manifest.rc
C:\Users\njagdale\Documents\Visual Studio 2010\Projects\templates_scratch\templates_scratch\Debug\vc100.idb
C:\USERS\NJAGDALE\DOCUMENTS\VISUAL STUDIO 2010\PROJECTS\TEMPLATES_SCRATCH\TEMPLATES_SCRATCH\DEBUG\VC100.PDB
