C:\USERS\NJAGDALE\DOCUMENTS\VISUAL STUDIO 2010\PROJECTS\PRACTICE\DEBUG\STRING_SCRATCH.EXE
C:\USERS\NJAGDALE\DOCUMENTS\VISUAL STUDIO 2010\PROJECTS\PRACTICE\DEBUG\STRING_SCRATCH.ILK
C:\USERS\NJAGDALE\DOCUMENTS\VISUAL STUDIO 2010\PROJECTS\PRACTICE\DEBUG\STRING_SCRATCH.PDB
C:\Users\njagdale\Documents\Visual Studio 2010\Projects\string_scratch\string_scratch\Debug\cl.command.1.tlog
C:\Users\njagdale\Documents\Visual Studio 2010\Projects\string_scratch\string_scratch\Debug\CL.read.1.tlog
C:\Users\njagdale\Documents\Visual Studio 2010\Projects\string_scratch\string_scratch\Debug\CL.write.1.tlog
C:\Users\njagdale\Documents\Visual Studio 2010\Projects\string_scratch\string_scratch\Debug\link.13512.read.1.tlog
C:\Users\njagdale\Documents\Visual Studio 2010\Projects\string_scratch\string_scratch\Debug\link.13512.write.1.tlog
C:\Users\njagdale\Documents\Visual Studio 2010\Projects\string_scratch\string_scratch\Debug\link.13512-cvtres.read.1.tlog
C:\Users\njagdale\Documents\Visual Studio 2010\Projects\string_scratch\string_scratch\Debug\link.13512-cvtres.write.1.tlog
C:\Users\njagdale\Documents\Visual Studio 2010\Projects\string_scratch\string_scratch\Debug\link.31032.read.1.tlog
C:\Users\njagdale\Documents\Visual Studio 2010\Projects\string_scratch\string_scratch\Debug\link.31032.write.1.tlog
C:\Users\njagdale\Documents\Visual Studio 2010\Projects\string_scratch\string_scratch\Debug\link.31032-cvtres.read.1.tlog
C:\Users\njagdale\Documents\Visual Studio 2010\Projects\string_scratch\string_scratch\Debug\link.31032-cvtres.write.1.tlog
C:\Users\njagdale\Documents\Visual Studio 2010\Projects\string_scratch\string_scratch\Debug\link.command.1.tlog
C:\Users\njagdale\Documents\Visual Studio 2010\Projects\string_scratch\string_scratch\Debug\link.read.1.tlog
C:\Users\njagdale\Documents\Visual Studio 2010\Projects\string_scratch\string_scratch\Debug\link.write.1.tlog
C:\Users\njagdale\Documents\Visual Studio 2010\Projects\string_scratch\string_scratch\Debug\link-cvtres.read.1.tlog
C:\Users\njagdale\Documents\Visual Studio 2010\Projects\string_scratch\string_scratch\Debug\link-cvtres.write.1.tlog
C:\Users\njagdale\Documents\Visual Studio 2010\Projects\string_scratch\string_scratch\Debug\mt.command.1.tlog
C:\Users\njagdale\Documents\Visual Studio 2010\Projects\string_scratch\string_scratch\Debug\mt.read.1.tlog
C:\Users\njagdale\Documents\Visual Studio 2010\Projects\string_scratch\string_scratch\Debug\mt.write.1.tlog
C:\USERS\NJAGDALE\DOCUMENTS\VISUAL STUDIO 2010\PROJECTS\STRING_SCRATCH\STRING_SCRATCH\DEBUG\PHONEBOOK.OBJ
C:\Users\njagdale\Documents\Visual Studio 2010\Projects\string_scratch\string_scratch\Debug\rc.command.1.tlog
C:\Users\njagdale\Documents\Visual Studio 2010\Projects\string_scratch\string_scratch\Debug\rc.read.1.tlog
C:\Users\njagdale\Documents\Visual Studio 2010\Projects\string_scratch\string_scratch\Debug\rc.write.1.tlog
C:\USERS\NJAGDALE\DOCUMENTS\VISUAL STUDIO 2010\PROJECTS\STRING_SCRATCH\STRING_SCRATCH\DEBUG\REVERSEWORDS.OBJ
C:\USERS\NJAGDALE\DOCUMENTS\VISUAL STUDIO 2010\PROJECTS\STRING_SCRATCH\STRING_SCRATCH\DEBUG\STRING_SCRATCH.EXE.EMBED.MANIFEST
C:\USERS\NJAGDALE\DOCUMENTS\VISUAL STUDIO 2010\PROJECTS\STRING_SCRATCH\STRING_SCRATCH\DEBUG\STRING_SCRATCH.EXE.EMBED.MANIFEST.RES
C:\USERS\NJAGDALE\DOCUMENTS\VISUAL STUDIO 2010\PROJECTS\STRING_SCRATCH\STRING_SCRATCH\DEBUG\STRING_SCRATCH.EXE.INTERMEDIATE.MANIFEST
C:\Users\njagdale\Documents\Visual Studio 2010\Projects\string_scratch\string_scratch\Debug\string_scratch.vcxprojResolveAssemblyReference.cache
C:\Users\njagdale\Documents\Visual Studio 2010\Projects\string_scratch\string_scratch\Debug\string_scratch.write.1.tlog
C:\Users\njagdale\Documents\Visual Studio 2010\Projects\string_scratch\string_scratch\Debug\string_scratch_manifest.rc
C:\Users\njagdale\Documents\Visual Studio 2010\Projects\string_scratch\string_scratch\Debug\vc100.idb
C:\USERS\NJAGDALE\DOCUMENTS\VISUAL STUDIO 2010\PROJECTS\STRING_SCRATCH\STRING_SCRATCH\DEBUG\VC100.PDB
