C:\USERS\NJAGDALE\DOCUMENTS\VISUAL STUDIO 2010\PROJECTS\PRACTICE\DEBUG\FITBITCHALLENGE.EXE
C:\USERS\NJAGDALE\DOCUMENTS\VISUAL STUDIO 2010\PROJECTS\PRACTICE\DEBUG\FITBITCHALLENGE.ILK
C:\USERS\NJAGDALE\DOCUMENTS\VISUAL STUDIO 2010\PROJECTS\PRACTICE\DEBUG\FITBITCHALLENGE.PDB
C:\Users\njagdale\Documents\Visual Studio 2010\Projects\Practice\FitBitChallenge\Debug\cl.command.1.tlog
C:\Users\njagdale\Documents\Visual Studio 2010\Projects\Practice\FitBitChallenge\Debug\CL.read.1.tlog
C:\Users\njagdale\Documents\Visual Studio 2010\Projects\Practice\FitBitChallenge\Debug\CL.write.1.tlog
C:\USERS\NJAGDALE\DOCUMENTS\VISUAL STUDIO 2010\PROJECTS\PRACTICE\FITBITCHALLENGE\DEBUG\CLIENT.OBJ
C:\USERS\NJAGDALE\DOCUMENTS\VISUAL STUDIO 2010\PROJECTS\PRACTICE\FITBITCHALLENGE\DEBUG\DATA_PROCESS.OBJ
C:\USERS\NJAGDALE\DOCUMENTS\VISUAL STUDIO 2010\PROJECTS\PRACTICE\FITBITCHALLENGE\DEBUG\FITBITCHALLENGE.EXE.INTERMEDIATE.MANIFEST
C:\Users\njagdale\Documents\Visual Studio 2010\Projects\Practice\FitBitChallenge\Debug\FitBitChallenge.vcxprojResolveAssemblyReference.cache
C:\Users\njagdale\Documents\Visual Studio 2010\Projects\Practice\FitBitChallenge\Debug\FitBitChallenge.write.1.tlog
C:\Users\njagdale\Documents\Visual Studio 2010\Projects\Practice\FitBitChallenge\Debug\link.command.1.tlog
C:\Users\njagdale\Documents\Visual Studio 2010\Projects\Practice\FitBitChallenge\Debug\link.read.1.tlog
C:\Users\njagdale\Documents\Visual Studio 2010\Projects\Practice\FitBitChallenge\Debug\link.write.1.tlog
C:\Users\njagdale\Documents\Visual Studio 2010\Projects\Practice\FitBitChallenge\Debug\mt.command.1.tlog
C:\Users\njagdale\Documents\Visual Studio 2010\Projects\Practice\FitBitChallenge\Debug\mt.read.1.tlog
C:\Users\njagdale\Documents\Visual Studio 2010\Projects\Practice\FitBitChallenge\Debug\mt.write.1.tlog
C:\USERS\NJAGDALE\DOCUMENTS\VISUAL STUDIO 2010\PROJECTS\PRACTICE\FITBITCHALLENGE\DEBUG\SENSOR_IO.OBJ
C:\Users\njagdale\Documents\Visual Studio 2010\Projects\Practice\FitBitChallenge\Debug\vc100.idb
C:\USERS\NJAGDALE\DOCUMENTS\VISUAL STUDIO 2010\PROJECTS\PRACTICE\FITBITCHALLENGE\DEBUG\VC100.PDB
