C:\USERS\NJAGDALE\DOCUMENTS\VISUAL STUDIO 2010\PROJECTS\PRACTICE\DEBUG\TZ.EXE
C:\USERS\NJAGDALE\DOCUMENTS\VISUAL STUDIO 2010\PROJECTS\PRACTICE\DEBUG\TZ.ILK
C:\USERS\NJAGDALE\DOCUMENTS\VISUAL STUDIO 2010\PROJECTS\PRACTICE\DEBUG\TZ.PDB
C:\Users\njagdale\Documents\Visual Studio 2010\Projects\Practice\TZ\Debug\cl.command.1.tlog
C:\Users\njagdale\Documents\Visual Studio 2010\Projects\Practice\TZ\Debug\CL.read.1.tlog
C:\Users\njagdale\Documents\Visual Studio 2010\Projects\Practice\TZ\Debug\CL.write.1.tlog
C:\Users\njagdale\Documents\Visual Studio 2010\Projects\Practice\TZ\Debug\link.command.1.tlog
C:\Users\njagdale\Documents\Visual Studio 2010\Projects\Practice\TZ\Debug\link.read.1.tlog
C:\Users\njagdale\Documents\Visual Studio 2010\Projects\Practice\TZ\Debug\link.write.1.tlog
C:\USERS\NJAGDALE\DOCUMENTS\VISUAL STUDIO 2010\PROJECTS\PRACTICE\TZ\DEBUG\MAIN.OBJ
C:\USERS\NJAGDALE\DOCUMENTS\VISUAL STUDIO 2010\PROJECTS\PRACTICE\TZ\DEBUG\MEMORY_OVERLAP.OBJ
C:\Users\njagdale\Documents\Visual Studio 2010\Projects\Practice\TZ\Debug\mt.command.1.tlog
C:\Users\njagdale\Documents\Visual Studio 2010\Projects\Practice\TZ\Debug\mt.read.1.tlog
C:\Users\njagdale\Documents\Visual Studio 2010\Projects\Practice\TZ\Debug\mt.write.1.tlog
C:\USERS\NJAGDALE\DOCUMENTS\VISUAL STUDIO 2010\PROJECTS\PRACTICE\TZ\DEBUG\SYSCALL.OBJ
C:\USERS\NJAGDALE\DOCUMENTS\VISUAL STUDIO 2010\PROJECTS\PRACTICE\TZ\DEBUG\TZ.EXE.INTERMEDIATE.MANIFEST
C:\Users\njagdale\Documents\Visual Studio 2010\Projects\Practice\TZ\Debug\TZ.vcxprojResolveAssemblyReference.cache
C:\Users\njagdale\Documents\Visual Studio 2010\Projects\Practice\TZ\Debug\TZ.write.1.tlog
C:\Users\njagdale\Documents\Visual Studio 2010\Projects\Practice\TZ\Debug\vc100.idb
C:\USERS\NJAGDALE\DOCUMENTS\VISUAL STUDIO 2010\PROJECTS\PRACTICE\TZ\DEBUG\VC100.PDB
