C:\USERS\NJAGDALE\DOCUMENTS\VISUAL STUDIO 2010\PROJECTS\SENSOR_READ\DEBUG\SENSOR_READ.EXE
C:\USERS\NJAGDALE\DOCUMENTS\VISUAL STUDIO 2010\PROJECTS\SENSOR_READ\DEBUG\SENSOR_READ.ILK
C:\USERS\NJAGDALE\DOCUMENTS\VISUAL STUDIO 2010\PROJECTS\SENSOR_READ\DEBUG\SENSOR_READ.PDB
C:\Users\njagdale\Documents\Visual Studio 2010\Projects\sensor_read\sensor_read\Debug\cl.command.1.tlog
C:\Users\njagdale\Documents\Visual Studio 2010\Projects\sensor_read\sensor_read\Debug\CL.read.1.tlog
C:\Users\njagdale\Documents\Visual Studio 2010\Projects\sensor_read\sensor_read\Debug\CL.write.1.tlog
C:\USERS\NJAGDALE\DOCUMENTS\VISUAL STUDIO 2010\PROJECTS\SENSOR_READ\SENSOR_READ\DEBUG\CLIENT.OBJ
C:\USERS\NJAGDALE\DOCUMENTS\VISUAL STUDIO 2010\PROJECTS\SENSOR_READ\SENSOR_READ\DEBUG\DATA_PROCESS.OBJ
C:\Users\njagdale\Documents\Visual Studio 2010\Projects\sensor_read\sensor_read\Debug\link.14884.read.1.tlog
C:\Users\njagdale\Documents\Visual Studio 2010\Projects\sensor_read\sensor_read\Debug\link.14884.write.1.tlog
C:\Users\njagdale\Documents\Visual Studio 2010\Projects\sensor_read\sensor_read\Debug\link.14884-cvtres.read.1.tlog
C:\Users\njagdale\Documents\Visual Studio 2010\Projects\sensor_read\sensor_read\Debug\link.14884-cvtres.write.1.tlog
C:\Users\njagdale\Documents\Visual Studio 2010\Projects\sensor_read\sensor_read\Debug\link.command.1.tlog
C:\Users\njagdale\Documents\Visual Studio 2010\Projects\sensor_read\sensor_read\Debug\link.read.1.tlog
C:\Users\njagdale\Documents\Visual Studio 2010\Projects\sensor_read\sensor_read\Debug\link.write.1.tlog
C:\Users\njagdale\Documents\Visual Studio 2010\Projects\sensor_read\sensor_read\Debug\link-cvtres.read.1.tlog
C:\Users\njagdale\Documents\Visual Studio 2010\Projects\sensor_read\sensor_read\Debug\link-cvtres.write.1.tlog
C:\Users\njagdale\Documents\Visual Studio 2010\Projects\sensor_read\sensor_read\Debug\mt.command.1.tlog
C:\Users\njagdale\Documents\Visual Studio 2010\Projects\sensor_read\sensor_read\Debug\mt.read.1.tlog
C:\Users\njagdale\Documents\Visual Studio 2010\Projects\sensor_read\sensor_read\Debug\mt.write.1.tlog
C:\Users\njagdale\Documents\Visual Studio 2010\Projects\sensor_read\sensor_read\Debug\rc.command.1.tlog
C:\Users\njagdale\Documents\Visual Studio 2010\Projects\sensor_read\sensor_read\Debug\rc.read.1.tlog
C:\Users\njagdale\Documents\Visual Studio 2010\Projects\sensor_read\sensor_read\Debug\rc.write.1.tlog
C:\USERS\NJAGDALE\DOCUMENTS\VISUAL STUDIO 2010\PROJECTS\SENSOR_READ\SENSOR_READ\DEBUG\SENSOR_IO.OBJ
C:\USERS\NJAGDALE\DOCUMENTS\VISUAL STUDIO 2010\PROJECTS\SENSOR_READ\SENSOR_READ\DEBUG\SENSOR_READ.EXE.EMBED.MANIFEST
C:\USERS\NJAGDALE\DOCUMENTS\VISUAL STUDIO 2010\PROJECTS\SENSOR_READ\SENSOR_READ\DEBUG\SENSOR_READ.EXE.EMBED.MANIFEST.RES
C:\USERS\NJAGDALE\DOCUMENTS\VISUAL STUDIO 2010\PROJECTS\SENSOR_READ\SENSOR_READ\DEBUG\SENSOR_READ.EXE.INTERMEDIATE.MANIFEST
C:\Users\njagdale\Documents\Visual Studio 2010\Projects\sensor_read\sensor_read\Debug\sensor_read_manifest.rc
C:\Users\njagdale\Documents\Visual Studio 2010\Projects\sensor_read\sensor_read\Debug\vc100.idb
C:\USERS\NJAGDALE\DOCUMENTS\VISUAL STUDIO 2010\PROJECTS\SENSOR_READ\SENSOR_READ\DEBUG\VC100.PDB
