C:\USERS\NJAGDALE\DOCUMENTS\VISUAL STUDIO 2010\PROJECTS\PRACTICE\CTCI_SOLNS\DEBUG\7.1.OBJ
C:\USERS\NJAGDALE\DOCUMENTS\VISUAL STUDIO 2010\PROJECTS\PRACTICE\CTCI_SOLNS\DEBUG\VC100.PDB
C:\USERS\NJAGDALE\DOCUMENTS\VISUAL STUDIO 2010\PROJECTS\PRACTICE\DEBUG\LINKEDLIST_SCRATCH.EXE
C:\USERS\NJAGDALE\DOCUMENTS\VISUAL STUDIO 2010\PROJECTS\PRACTICE\DEBUG\LINKEDLIST_SCRATCH.ILK
C:\USERS\NJAGDALE\DOCUMENTS\VISUAL STUDIO 2010\PROJECTS\PRACTICE\DEBUG\LINKEDLIST_SCRATCH.PDB
C:\USERS\NJAGDALE\DOCUMENTS\VISUAL STUDIO 2010\PROJECTS\PRACTICE\DEBUG\LINKEDLIST_STLBASED.EXE
C:\USERS\NJAGDALE\DOCUMENTS\VISUAL STUDIO 2010\PROJECTS\PRACTICE\DEBUG\LINKEDLIST_STLBASED.ILK
C:\USERS\NJAGDALE\DOCUMENTS\VISUAL STUDIO 2010\PROJECTS\PRACTICE\DEBUG\LINKEDLIST_STLBASED.PDB
C:\Users\njagdale\Documents\Visual Studio 2010\Projects\Practice\scratch_linkedlist\Debug\cl.command.1.tlog
C:\Users\njagdale\Documents\Visual Studio 2010\Projects\Practice\scratch_linkedlist\Debug\CL.read.1.tlog
C:\Users\njagdale\Documents\Visual Studio 2010\Projects\Practice\scratch_linkedlist\Debug\CL.write.1.tlog
C:\Users\njagdale\Documents\Visual Studio 2010\Projects\Practice\scratch_linkedlist\Debug\link.12712.read.1.tlog
C:\Users\njagdale\Documents\Visual Studio 2010\Projects\Practice\scratch_linkedlist\Debug\link.12712.write.1.tlog
C:\Users\njagdale\Documents\Visual Studio 2010\Projects\Practice\scratch_linkedlist\Debug\link.12712-cvtres.read.1.tlog
C:\Users\njagdale\Documents\Visual Studio 2010\Projects\Practice\scratch_linkedlist\Debug\link.12712-cvtres.write.1.tlog
C:\Users\njagdale\Documents\Visual Studio 2010\Projects\Practice\scratch_linkedlist\Debug\link.13948.read.1.tlog
C:\Users\njagdale\Documents\Visual Studio 2010\Projects\Practice\scratch_linkedlist\Debug\link.13948.write.1.tlog
C:\Users\njagdale\Documents\Visual Studio 2010\Projects\Practice\scratch_linkedlist\Debug\link.13948-cvtres.read.1.tlog
C:\Users\njagdale\Documents\Visual Studio 2010\Projects\Practice\scratch_linkedlist\Debug\link.13948-cvtres.write.1.tlog
C:\Users\njagdale\Documents\Visual Studio 2010\Projects\Practice\scratch_linkedlist\Debug\link.command.1.tlog
C:\Users\njagdale\Documents\Visual Studio 2010\Projects\Practice\scratch_linkedlist\Debug\link.read.1.tlog
C:\Users\njagdale\Documents\Visual Studio 2010\Projects\Practice\scratch_linkedlist\Debug\link.write.1.tlog
C:\Users\njagdale\Documents\Visual Studio 2010\Projects\Practice\scratch_linkedlist\Debug\link-cvtres.read.1.tlog
C:\Users\njagdale\Documents\Visual Studio 2010\Projects\Practice\scratch_linkedlist\Debug\link-cvtres.write.1.tlog
C:\USERS\NJAGDALE\DOCUMENTS\VISUAL STUDIO 2010\PROJECTS\PRACTICE\SCRATCH_LINKEDLIST\DEBUG\LINKEDLIST_SCRATCH.EXE.EMBED.MANIFEST
C:\USERS\NJAGDALE\DOCUMENTS\VISUAL STUDIO 2010\PROJECTS\PRACTICE\SCRATCH_LINKEDLIST\DEBUG\LINKEDLIST_SCRATCH.EXE.EMBED.MANIFEST.RES
C:\USERS\NJAGDALE\DOCUMENTS\VISUAL STUDIO 2010\PROJECTS\PRACTICE\SCRATCH_LINKEDLIST\DEBUG\LINKEDLIST_SCRATCH.EXE.INTERMEDIATE.MANIFEST
C:\Users\njagdale\Documents\Visual Studio 2010\Projects\Practice\scratch_linkedlist\Debug\linkedlist_scratch.write.1.tlog
C:\Users\njagdale\Documents\Visual Studio 2010\Projects\Practice\scratch_linkedlist\Debug\linkedlist_scratch_manifest.rc
C:\USERS\NJAGDALE\DOCUMENTS\VISUAL STUDIO 2010\PROJECTS\PRACTICE\SCRATCH_LINKEDLIST\DEBUG\LINKEDLIST_STLBASED.EXE.EMBED.MANIFEST
C:\USERS\NJAGDALE\DOCUMENTS\VISUAL STUDIO 2010\PROJECTS\PRACTICE\SCRATCH_LINKEDLIST\DEBUG\LINKEDLIST_STLBASED.EXE.EMBED.MANIFEST.RES
C:\USERS\NJAGDALE\DOCUMENTS\VISUAL STUDIO 2010\PROJECTS\PRACTICE\SCRATCH_LINKEDLIST\DEBUG\LINKEDLIST_STLBASED.EXE.INTERMEDIATE.MANIFEST
C:\Users\njagdale\Documents\Visual Studio 2010\Projects\Practice\scratch_linkedlist\Debug\linkedlist_STLbased.write.1.tlog
C:\Users\njagdale\Documents\Visual Studio 2010\Projects\Practice\scratch_linkedlist\Debug\linkedlist_STLbased_manifest.rc
C:\Users\njagdale\Documents\Visual Studio 2010\Projects\Practice\scratch_linkedlist\Debug\main.obj
C:\Users\njagdale\Documents\Visual Studio 2010\Projects\Practice\scratch_linkedlist\Debug\mt.command.1.tlog
C:\Users\njagdale\Documents\Visual Studio 2010\Projects\Practice\scratch_linkedlist\Debug\mt.read.1.tlog
C:\Users\njagdale\Documents\Visual Studio 2010\Projects\Practice\scratch_linkedlist\Debug\mt.write.1.tlog
C:\Users\njagdale\Documents\Visual Studio 2010\Projects\Practice\scratch_linkedlist\Debug\rc.command.1.tlog
C:\Users\njagdale\Documents\Visual Studio 2010\Projects\Practice\scratch_linkedlist\Debug\rc.read.1.tlog
C:\Users\njagdale\Documents\Visual Studio 2010\Projects\Practice\scratch_linkedlist\Debug\rc.write.1.tlog
C:\Users\njagdale\Documents\Visual Studio 2010\Projects\Practice\scratch_linkedlist\Debug\scratch_linkedlist.vcxprojResolveAssemblyReference.cache
C:\Users\njagdale\Documents\Visual Studio 2010\Projects\Practice\scratch_linkedlist\Debug\vc100.idb
C:\USERS\NJAGDALE\DOCUMENTS\VISUAL STUDIO 2010\PROJECTS\PRACTICE\SCRATCH_LINKEDLIST\DEBUG\VC100.PDB
