C:\USERS\NJAGDALE\DOCUMENTS\VISUAL STUDIO 2010\PROJECTS\PRACTICE\DEBUG\SORTING.EXE
C:\USERS\NJAGDALE\DOCUMENTS\VISUAL STUDIO 2010\PROJECTS\PRACTICE\DEBUG\SORTING.ILK
C:\USERS\NJAGDALE\DOCUMENTS\VISUAL STUDIO 2010\PROJECTS\PRACTICE\DEBUG\SORTING.PDB
C:\Users\njagdale\Documents\Visual Studio 2010\Projects\Practice\Sorting\Debug\cl.command.1.tlog
C:\Users\njagdale\Documents\Visual Studio 2010\Projects\Practice\Sorting\Debug\CL.read.1.tlog
C:\Users\njagdale\Documents\Visual Studio 2010\Projects\Practice\Sorting\Debug\CL.write.1.tlog
C:\Users\njagdale\Documents\Visual Studio 2010\Projects\Practice\Sorting\Debug\link.20296.read.1.tlog
C:\Users\njagdale\Documents\Visual Studio 2010\Projects\Practice\Sorting\Debug\link.20296.write.1.tlog
C:\Users\njagdale\Documents\Visual Studio 2010\Projects\Practice\Sorting\Debug\link.20296-cvtres.read.1.tlog
C:\Users\njagdale\Documents\Visual Studio 2010\Projects\Practice\Sorting\Debug\link.20296-cvtres.write.1.tlog
C:\Users\njagdale\Documents\Visual Studio 2010\Projects\Practice\Sorting\Debug\link.command.1.tlog
C:\Users\njagdale\Documents\Visual Studio 2010\Projects\Practice\Sorting\Debug\link.read.1.tlog
C:\Users\njagdale\Documents\Visual Studio 2010\Projects\Practice\Sorting\Debug\link.write.1.tlog
C:\Users\njagdale\Documents\Visual Studio 2010\Projects\Practice\Sorting\Debug\link-cvtres.read.1.tlog
C:\Users\njagdale\Documents\Visual Studio 2010\Projects\Practice\Sorting\Debug\link-cvtres.write.1.tlog
C:\Users\njagdale\Documents\Visual Studio 2010\Projects\Practice\Sorting\Debug\mt.command.1.tlog
C:\Users\njagdale\Documents\Visual Studio 2010\Projects\Practice\Sorting\Debug\mt.read.1.tlog
C:\Users\njagdale\Documents\Visual Studio 2010\Projects\Practice\Sorting\Debug\mt.write.1.tlog
C:\Users\njagdale\Documents\Visual Studio 2010\Projects\Practice\Sorting\Debug\rc.command.1.tlog
C:\Users\njagdale\Documents\Visual Studio 2010\Projects\Practice\Sorting\Debug\rc.read.1.tlog
C:\Users\njagdale\Documents\Visual Studio 2010\Projects\Practice\Sorting\Debug\rc.write.1.tlog
C:\USERS\NJAGDALE\DOCUMENTS\VISUAL STUDIO 2010\PROJECTS\PRACTICE\SORTING\DEBUG\SIMPLE_MERGE.OBJ
C:\USERS\NJAGDALE\DOCUMENTS\VISUAL STUDIO 2010\PROJECTS\PRACTICE\SORTING\DEBUG\SORTING.EXE.EMBED.MANIFEST
C:\USERS\NJAGDALE\DOCUMENTS\VISUAL STUDIO 2010\PROJECTS\PRACTICE\SORTING\DEBUG\SORTING.EXE.EMBED.MANIFEST.RES
C:\USERS\NJAGDALE\DOCUMENTS\VISUAL STUDIO 2010\PROJECTS\PRACTICE\SORTING\DEBUG\SORTING.EXE.INTERMEDIATE.MANIFEST
C:\Users\njagdale\Documents\Visual Studio 2010\Projects\Practice\Sorting\Debug\Sorting.write.1.tlog
C:\Users\njagdale\Documents\Visual Studio 2010\Projects\Practice\Sorting\Debug\Sorting_manifest.rc
C:\Users\njagdale\Documents\Visual Studio 2010\Projects\Practice\Sorting\Debug\vc100.idb
C:\USERS\NJAGDALE\DOCUMENTS\VISUAL STUDIO 2010\PROJECTS\PRACTICE\SORTING\DEBUG\VC100.PDB
