C:\Users\njagdale\Documents\Visual Studio 2010\Projects\Practice\containers_scratch\Debug\cl.command.1.tlog
C:\Users\njagdale\Documents\Visual Studio 2010\Projects\Practice\containers_scratch\Debug\CL.read.1.tlog
C:\Users\njagdale\Documents\Visual Studio 2010\Projects\Practice\containers_scratch\Debug\CL.write.1.tlog
C:\Users\njagdale\Documents\Visual Studio 2010\Projects\Practice\containers_scratch\Debug\containers_scratch.exe.embed.manifest
C:\USERS\NJAGDALE\DOCUMENTS\VISUAL STUDIO 2010\PROJECTS\PRACTICE\CONTAINERS_SCRATCH\DEBUG\CONTAINERS_SCRATCH.EXE.EMBED.MANIFEST.RES
C:\Users\njagdale\Documents\Visual Studio 2010\Projects\Practice\containers_scratch\Debug\containers_scratch.exe.intermediate.manifest
C:\Users\njagdale\Documents\Visual Studio 2010\Projects\Practice\containers_scratch\Debug\containers_scratch.vcxprojResolveAssemblyReference.cache
C:\Users\njagdale\Documents\Visual Studio 2010\Projects\Practice\containers_scratch\Debug\containers_scratch.write.1.tlog
C:\Users\njagdale\Documents\Visual Studio 2010\Projects\Practice\containers_scratch\Debug\containers_scratch_manifest.rc
C:\Users\njagdale\Documents\Visual Studio 2010\Projects\Practice\containers_scratch\Debug\link.command.1.tlog
C:\Users\njagdale\Documents\Visual Studio 2010\Projects\Practice\containers_scratch\Debug\link.read.1.tlog
C:\Users\njagdale\Documents\Visual Studio 2010\Projects\Practice\containers_scratch\Debug\link.write.1.tlog
C:\Users\njagdale\Documents\Visual Studio 2010\Projects\Practice\containers_scratch\Debug\link-cvtres.read.1.tlog
C:\Users\njagdale\Documents\Visual Studio 2010\Projects\Practice\containers_scratch\Debug\link-cvtres.write.1.tlog
C:\USERS\NJAGDALE\DOCUMENTS\VISUAL STUDIO 2010\PROJECTS\PRACTICE\CONTAINERS_SCRATCH\DEBUG\MAIN.OBJ
C:\Users\njagdale\Documents\Visual Studio 2010\Projects\Practice\containers_scratch\Debug\rc.command.1.tlog
C:\Users\njagdale\Documents\Visual Studio 2010\Projects\Practice\containers_scratch\Debug\rc.read.1.tlog
C:\Users\njagdale\Documents\Visual Studio 2010\Projects\Practice\containers_scratch\Debug\rc.write.1.tlog
C:\Users\njagdale\Documents\Visual Studio 2010\Projects\Practice\containers_scratch\Debug\vc100.idb
C:\USERS\NJAGDALE\DOCUMENTS\VISUAL STUDIO 2010\PROJECTS\PRACTICE\CONTAINERS_SCRATCH\DEBUG\VC100.PDB
C:\Users\njagdale\Documents\Visual Studio 2010\Projects\Practice\Debug\containers_scratch.pdb
