Build started 1/14/2014 8:37:58 PM.
     1>Project "C:\Users\njagdale\Documents\Visual Studio 2010\Projects\sensor_read\sensor_read\sensor_read.vcxproj" on node 2 (build target(s)).
     1>InitializeBuildStatus:
         Creating "Debug\sensor_read.unsuccessfulbuild" because "AlwaysCreate" was specified.
       ClCompile:
         c:\Program Files (x86)\Microsoft Visual Studio 10.0\VC\bin\CL.exe /c /ZI /nologo /W3 /WX- /Od /Oy- /D WIN32 /D _DEBUG /D _CONSOLE /D _UNICODE /D UNICODE /Gm /EHsc /RTC1 /MDd /GS /fp:precise /Zc:wchar_t /Zc:forScope /Fo"Debug\\" /Fd"Debug\vc100.pdb" /Gd /TC /analyze- /errorReport:prompt client.c data_process.c sensor_io.c
         sensor_io.c
     1>c:\users\njagdale\documents\visual studio 2010\projects\sensor_read\sensor_read\sensor_io.c(63): warning C4996: 'fopen': This function or variable may be unsafe. Consider using fopen_s instead. To disable deprecation, use _CRT_SECURE_NO_WARNINGS. See online help for details.
                 c:\program files (x86)\microsoft visual studio 10.0\vc\include\stdio.h(234) : see declaration of 'fopen'
     1>c:\users\njagdale\documents\visual studio 2010\projects\sensor_read\sensor_read\sensor_io.c(60): warning C4101: 'buf' : unreferenced local variable
     1>c:\users\njagdale\documents\visual studio 2010\projects\sensor_read\sensor_read\sensor_io.c(84): warning C4996: 'fopen': This function or variable may be unsafe. Consider using fopen_s instead. To disable deprecation, use _CRT_SECURE_NO_WARNINGS. See online help for details.
                 c:\program files (x86)\microsoft visual studio 10.0\vc\include\stdio.h(234) : see declaration of 'fopen'
     1>c:\users\njagdale\documents\visual studio 2010\projects\sensor_read\sensor_read\sensor_io.c(120): warning C4996: 'fopen': This function or variable may be unsafe. Consider using fopen_s instead. To disable deprecation, use _CRT_SECURE_NO_WARNINGS. See online help for details.
                 c:\program files (x86)\microsoft visual studio 10.0\vc\include\stdio.h(234) : see declaration of 'fopen'
         data_process.c
     1>c:\users\njagdale\documents\visual studio 2010\projects\sensor_read\sensor_read\data_process.c(73): warning C4101: 'j' : unreferenced local variable
         client.c
         Generating Code...
       ManifestResourceCompile:
         All outputs are up-to-date.
       Link:
         c:\Program Files (x86)\Microsoft Visual Studio 10.0\VC\bin\link.exe /ERRORREPORT:PROMPT /OUT:"C:\Users\njagdale\Documents\Visual Studio 2010\Projects\sensor_read\Debug\sensor_read.exe" /INCREMENTAL /NOLOGO kernel32.lib user32.lib gdi32.lib winspool.lib comdlg32.lib advapi32.lib shell32.lib ole32.lib oleaut32.lib uuid.lib odbc32.lib odbccp32.lib /MANIFEST /ManifestFile:"Debug\sensor_read.exe.intermediate.manifest" /MANIFESTUAC:"level='asInvoker' uiAccess='false'" /DEBUG /PDB:"C:\Users\njagdale\Documents\Visual Studio 2010\Projects\sensor_read\Debug\sensor_read.pdb" /SUBSYSTEM:CONSOLE /TLBID:1 /DYNAMICBASE /NXCOMPAT /IMPLIB:"C:\Users\njagdale\Documents\Visual Studio 2010\Projects\sensor_read\Debug\sensor_read.lib" /MACHINE:X86 Debug\sensor_read.exe.embed.manifest.res
         Debug\client.obj
         Debug\data_process.obj
         Debug\sensor_io.obj
       Manifest:
         C:\Program Files (x86)\Microsoft SDKs\Windows\v7.0A\bin\mt.exe /nologo /verbose /out:"Debug\sensor_read.exe.embed.manifest" /manifest Debug\sensor_read.exe.intermediate.manifest
         All outputs are up-to-date.
       LinkEmbedManifest:
         All outputs are up-to-date.
         sensor_read.vcxproj -> C:\Users\njagdale\Documents\Visual Studio 2010\Projects\sensor_read\Debug\sensor_read.exe
       FinalizeBuildStatus:
         Deleting file "Debug\sensor_read.unsuccessfulbuild".
         Touching "Debug\sensor_read.lastbuildstate".
     1>Done Building Project "C:\Users\njagdale\Documents\Visual Studio 2010\Projects\sensor_read\sensor_read\sensor_read.vcxproj" (build target(s)).

Build succeeded.

Time Elapsed 00:00:01.32
