C:\USERS\NJAGDALE\DOCUMENTS\VISUAL STUDIO 2010\PROJECTS\PRACTICE\DEBUG\LOCKS.EXE
C:\USERS\NJAGDALE\DOCUMENTS\VISUAL STUDIO 2010\PROJECTS\PRACTICE\DEBUG\LOCKS.ILK
C:\USERS\NJAGDALE\DOCUMENTS\VISUAL STUDIO 2010\PROJECTS\PRACTICE\DEBUG\LOCKS.PDB
C:\Users\njagdale\Documents\Visual Studio 2010\Projects\Practice\locks\Debug\cl.command.1.tlog
C:\Users\njagdale\Documents\Visual Studio 2010\Projects\Practice\locks\Debug\CL.read.1.tlog
C:\Users\njagdale\Documents\Visual Studio 2010\Projects\Practice\locks\Debug\CL.write.1.tlog
C:\Users\njagdale\Documents\Visual Studio 2010\Projects\Practice\locks\Debug\link.command.1.tlog
C:\Users\njagdale\Documents\Visual Studio 2010\Projects\Practice\locks\Debug\link.read.1.tlog
C:\Users\njagdale\Documents\Visual Studio 2010\Projects\Practice\locks\Debug\link.write.1.tlog
C:\Users\njagdale\Documents\Visual Studio 2010\Projects\Practice\locks\Debug\link-cvtres.read.1.tlog
C:\Users\njagdale\Documents\Visual Studio 2010\Projects\Practice\locks\Debug\link-cvtres.write.1.tlog
C:\USERS\NJAGDALE\DOCUMENTS\VISUAL STUDIO 2010\PROJECTS\PRACTICE\LOCKS\DEBUG\LOCKS.EXE.EMBED.MANIFEST
C:\USERS\NJAGDALE\DOCUMENTS\VISUAL STUDIO 2010\PROJECTS\PRACTICE\LOCKS\DEBUG\LOCKS.EXE.EMBED.MANIFEST.RES
C:\USERS\NJAGDALE\DOCUMENTS\VISUAL STUDIO 2010\PROJECTS\PRACTICE\LOCKS\DEBUG\LOCKS.EXE.INTERMEDIATE.MANIFEST
C:\Users\njagdale\Documents\Visual Studio 2010\Projects\Practice\locks\Debug\locks.write.1.tlog
C:\Users\njagdale\Documents\Visual Studio 2010\Projects\Practice\locks\Debug\locks_manifest.rc
C:\Users\njagdale\Documents\Visual Studio 2010\Projects\Practice\locks\Debug\mt.command.1.tlog
C:\Users\njagdale\Documents\Visual Studio 2010\Projects\Practice\locks\Debug\mt.read.1.tlog
C:\Users\njagdale\Documents\Visual Studio 2010\Projects\Practice\locks\Debug\mt.write.1.tlog
C:\Users\njagdale\Documents\Visual Studio 2010\Projects\Practice\locks\Debug\rc.command.1.tlog
C:\Users\njagdale\Documents\Visual Studio 2010\Projects\Practice\locks\Debug\rc.read.1.tlog
C:\Users\njagdale\Documents\Visual Studio 2010\Projects\Practice\locks\Debug\rc.write.1.tlog
C:\USERS\NJAGDALE\DOCUMENTS\VISUAL STUDIO 2010\PROJECTS\PRACTICE\LOCKS\DEBUG\SIMPLE_LOCK.OBJ
C:\Users\njagdale\Documents\Visual Studio 2010\Projects\Practice\locks\Debug\vc100.idb
C:\USERS\NJAGDALE\DOCUMENTS\VISUAL STUDIO 2010\PROJECTS\PRACTICE\LOCKS\DEBUG\VC100.PDB
