C:\Users\njagdale\Documents\Visual Studio 2010\Projects\Practice\Debug\queues.pdb
C:\USERS\NJAGDALE\DOCUMENTS\VISUAL STUDIO 2010\PROJECTS\PRACTICE\QUEUES\DEBUG\BASIC_QUEUE.OBJ
C:\Users\njagdale\Documents\Visual Studio 2010\Projects\Practice\queues\Debug\cl.command.1.tlog
C:\Users\njagdale\Documents\Visual Studio 2010\Projects\Practice\queues\Debug\CL.read.1.tlog
C:\Users\njagdale\Documents\Visual Studio 2010\Projects\Practice\queues\Debug\CL.write.1.tlog
C:\Users\njagdale\Documents\Visual Studio 2010\Projects\Practice\queues\Debug\link.command.1.tlog
C:\Users\njagdale\Documents\Visual Studio 2010\Projects\Practice\queues\Debug\link.read.1.tlog
C:\Users\njagdale\Documents\Visual Studio 2010\Projects\Practice\queues\Debug\link.write.1.tlog
C:\Users\njagdale\Documents\Visual Studio 2010\Projects\Practice\queues\Debug\link-cvtres.read.1.tlog
C:\Users\njagdale\Documents\Visual Studio 2010\Projects\Practice\queues\Debug\link-cvtres.write.1.tlog
C:\USERS\NJAGDALE\DOCUMENTS\VISUAL STUDIO 2010\PROJECTS\PRACTICE\QUEUES\DEBUG\QUEUE_STL.OBJ
C:\Users\njagdale\Documents\Visual Studio 2010\Projects\Practice\queues\Debug\queues.exe.embed.manifest
C:\USERS\NJAGDALE\DOCUMENTS\VISUAL STUDIO 2010\PROJECTS\PRACTICE\QUEUES\DEBUG\QUEUES.EXE.EMBED.MANIFEST.RES
C:\Users\njagdale\Documents\Visual Studio 2010\Projects\Practice\queues\Debug\queues.exe.intermediate.manifest
C:\Users\njagdale\Documents\Visual Studio 2010\Projects\Practice\queues\Debug\queues.write.1.tlog
C:\Users\njagdale\Documents\Visual Studio 2010\Projects\Practice\queues\Debug\queues_manifest.rc
C:\Users\njagdale\Documents\Visual Studio 2010\Projects\Practice\queues\Debug\rc.command.1.tlog
C:\Users\njagdale\Documents\Visual Studio 2010\Projects\Practice\queues\Debug\rc.read.1.tlog
C:\Users\njagdale\Documents\Visual Studio 2010\Projects\Practice\queues\Debug\rc.write.1.tlog
C:\Users\njagdale\Documents\Visual Studio 2010\Projects\Practice\queues\Debug\vc100.idb
C:\USERS\NJAGDALE\DOCUMENTS\VISUAL STUDIO 2010\PROJECTS\PRACTICE\QUEUES\DEBUG\VC100.PDB
