C:\USERS\NJAGDALE\DOCUMENTS\VISUAL STUDIO 2010\PROJECTS\PRACTICE\C_LINKEDLISTLIST_SCRATCH\DEBUG\C_LINKEDLISTLIST_SCRATCH.EXE.EMBED.MANIFEST
C:\USERS\NJAGDALE\DOCUMENTS\VISUAL STUDIO 2010\PROJECTS\PRACTICE\C_LINKEDLISTLIST_SCRATCH\DEBUG\C_LINKEDLISTLIST_SCRATCH.EXE.EMBED.MANIFEST.RES
C:\USERS\NJAGDALE\DOCUMENTS\VISUAL STUDIO 2010\PROJECTS\PRACTICE\C_LINKEDLISTLIST_SCRATCH\DEBUG\C_LINKEDLISTLIST_SCRATCH.EXE.INTERMEDIATE.MANIFEST
C:\Users\njagdale\Documents\Visual Studio 2010\Projects\Practice\C_linkedlistlist_scratch\Debug\C_linkedlistlist_scratch.write.1.tlog
C:\Users\njagdale\Documents\Visual Studio 2010\Projects\Practice\C_linkedlistlist_scratch\Debug\C_linkedlistlist_scratch_manifest.rc
C:\USERS\NJAGDALE\DOCUMENTS\VISUAL STUDIO 2010\PROJECTS\PRACTICE\C_LINKEDLISTLIST_SCRATCH\DEBUG\CIRCULAR_LL.OBJ
C:\Users\njagdale\Documents\Visual Studio 2010\Projects\Practice\C_linkedlistlist_scratch\Debug\cl.command.1.tlog
C:\Users\njagdale\Documents\Visual Studio 2010\Projects\Practice\C_linkedlistlist_scratch\Debug\CL.read.1.tlog
C:\Users\njagdale\Documents\Visual Studio 2010\Projects\Practice\C_linkedlistlist_scratch\Debug\CL.write.1.tlog
C:\Users\njagdale\Documents\Visual Studio 2010\Projects\Practice\C_linkedlistlist_scratch\Debug\link.13712.read.1.tlog
C:\Users\njagdale\Documents\Visual Studio 2010\Projects\Practice\C_linkedlistlist_scratch\Debug\link.13712.write.1.tlog
C:\Users\njagdale\Documents\Visual Studio 2010\Projects\Practice\C_linkedlistlist_scratch\Debug\link.13712-cvtres.read.1.tlog
C:\Users\njagdale\Documents\Visual Studio 2010\Projects\Practice\C_linkedlistlist_scratch\Debug\link.13712-cvtres.write.1.tlog
C:\Users\njagdale\Documents\Visual Studio 2010\Projects\Practice\C_linkedlistlist_scratch\Debug\link.command.1.tlog
C:\Users\njagdale\Documents\Visual Studio 2010\Projects\Practice\C_linkedlistlist_scratch\Debug\link.read.1.tlog
C:\Users\njagdale\Documents\Visual Studio 2010\Projects\Practice\C_linkedlistlist_scratch\Debug\link.write.1.tlog
C:\Users\njagdale\Documents\Visual Studio 2010\Projects\Practice\C_linkedlistlist_scratch\Debug\link-cvtres.read.1.tlog
C:\Users\njagdale\Documents\Visual Studio 2010\Projects\Practice\C_linkedlistlist_scratch\Debug\link-cvtres.write.1.tlog
C:\Users\njagdale\Documents\Visual Studio 2010\Projects\Practice\C_linkedlistlist_scratch\Debug\mt.command.1.tlog
C:\Users\njagdale\Documents\Visual Studio 2010\Projects\Practice\C_linkedlistlist_scratch\Debug\mt.read.1.tlog
C:\Users\njagdale\Documents\Visual Studio 2010\Projects\Practice\C_linkedlistlist_scratch\Debug\mt.write.1.tlog
C:\Users\njagdale\Documents\Visual Studio 2010\Projects\Practice\C_linkedlistlist_scratch\Debug\rc.command.1.tlog
C:\Users\njagdale\Documents\Visual Studio 2010\Projects\Practice\C_linkedlistlist_scratch\Debug\rc.read.1.tlog
C:\Users\njagdale\Documents\Visual Studio 2010\Projects\Practice\C_linkedlistlist_scratch\Debug\rc.write.1.tlog
C:\Users\njagdale\Documents\Visual Studio 2010\Projects\Practice\C_linkedlistlist_scratch\Debug\vc100.idb
C:\USERS\NJAGDALE\DOCUMENTS\VISUAL STUDIO 2010\PROJECTS\PRACTICE\C_LINKEDLISTLIST_SCRATCH\DEBUG\VC100.PDB
C:\USERS\NJAGDALE\DOCUMENTS\VISUAL STUDIO 2010\PROJECTS\PRACTICE\DEBUG\C_LINKEDLISTLIST_SCRATCH.EXE
C:\USERS\NJAGDALE\DOCUMENTS\VISUAL STUDIO 2010\PROJECTS\PRACTICE\DEBUG\C_LINKEDLISTLIST_SCRATCH.ILK
C:\USERS\NJAGDALE\DOCUMENTS\VISUAL STUDIO 2010\PROJECTS\PRACTICE\DEBUG\C_LINKEDLISTLIST_SCRATCH.PDB
