C:\USERS\NJAGDALE\DOCUMENTS\VISUAL STUDIO 2010\PROJECTS\SCRATCH\DEBUG\SCRATCH.EXE
C:\USERS\NJAGDALE\DOCUMENTS\VISUAL STUDIO 2010\PROJECTS\SCRATCH\DEBUG\SCRATCH.ILK
C:\USERS\NJAGDALE\DOCUMENTS\VISUAL STUDIO 2010\PROJECTS\SCRATCH\DEBUG\SCRATCH.PDB
C:\Users\njagdale\documents\visual studio 2010\Projects\scratch\scratch\Debug\cl.command.1.tlog
C:\Users\njagdale\documents\visual studio 2010\Projects\scratch\scratch\Debug\CL.read.1.tlog
C:\Users\njagdale\documents\visual studio 2010\Projects\scratch\scratch\Debug\CL.write.1.tlog
C:\Users\njagdale\documents\visual studio 2010\Projects\scratch\scratch\Debug\link.10312.read.1.tlog
C:\Users\njagdale\documents\visual studio 2010\Projects\scratch\scratch\Debug\link.10312.write.1.tlog
C:\Users\njagdale\documents\visual studio 2010\Projects\scratch\scratch\Debug\link.10312-cvtres.read.1.tlog
C:\Users\njagdale\documents\visual studio 2010\Projects\scratch\scratch\Debug\link.10312-cvtres.write.1.tlog
C:\Users\njagdale\documents\visual studio 2010\Projects\scratch\scratch\Debug\link.command.1.tlog
C:\Users\njagdale\documents\visual studio 2010\Projects\scratch\scratch\Debug\link.read.1.tlog
C:\Users\njagdale\documents\visual studio 2010\Projects\scratch\scratch\Debug\link.write.1.tlog
C:\Users\njagdale\documents\visual studio 2010\Projects\scratch\scratch\Debug\link-cvtres.read.1.tlog
C:\Users\njagdale\documents\visual studio 2010\Projects\scratch\scratch\Debug\link-cvtres.write.1.tlog
C:\Users\njagdale\documents\visual studio 2010\Projects\scratch\scratch\Debug\mt.command.1.tlog
C:\Users\njagdale\documents\visual studio 2010\Projects\scratch\scratch\Debug\mt.read.1.tlog
C:\Users\njagdale\documents\visual studio 2010\Projects\scratch\scratch\Debug\mt.write.1.tlog
C:\Users\njagdale\documents\visual studio 2010\Projects\scratch\scratch\Debug\rc.command.1.tlog
C:\Users\njagdale\documents\visual studio 2010\Projects\scratch\scratch\Debug\rc.read.1.tlog
C:\Users\njagdale\documents\visual studio 2010\Projects\scratch\scratch\Debug\rc.write.1.tlog
C:\USERS\NJAGDALE\DOCUMENTS\VISUAL STUDIO 2010\PROJECTS\SCRATCH\SCRATCH\DEBUG\SCATRCH.OBJ
C:\USERS\NJAGDALE\DOCUMENTS\VISUAL STUDIO 2010\PROJECTS\SCRATCH\SCRATCH\DEBUG\SCRATCH.EXE.EMBED.MANIFEST
C:\USERS\NJAGDALE\DOCUMENTS\VISUAL STUDIO 2010\PROJECTS\SCRATCH\SCRATCH\DEBUG\SCRATCH.EXE.EMBED.MANIFEST.RES
C:\USERS\NJAGDALE\DOCUMENTS\VISUAL STUDIO 2010\PROJECTS\SCRATCH\SCRATCH\DEBUG\SCRATCH.EXE.INTERMEDIATE.MANIFEST
C:\Users\njagdale\documents\visual studio 2010\Projects\scratch\scratch\Debug\scratch_manifest.rc
C:\Users\njagdale\documents\visual studio 2010\Projects\scratch\scratch\Debug\vc100.idb
C:\USERS\NJAGDALE\DOCUMENTS\VISUAL STUDIO 2010\PROJECTS\SCRATCH\SCRATCH\DEBUG\VC100.PDB
