Build started 12/3/2013 7:30:14 PM.
     1>Project "C:\Users\njagdale\documents\visual studio 2010\Projects\scratch\scratch\scratch.vcxproj" on node 2 (build target(s)).
     1>InitializeBuildStatus:
         Creating "Debug\scratch.unsuccessfulbuild" because "AlwaysCreate" was specified.
       ClCompile:
         c:\Program Files (x86)\Microsoft Visual Studio 10.0\VC\bin\CL.exe /c /ZI /nologo /W3 /WX- /Od /Oy- /D WIN32 /D _DEBUG /D _CONSOLE /D _UNICODE /D UNICODE /Gm /EHsc /RTC1 /MDd /GS /fp:precise /Zc:wchar_t /Zc:forScope /Fo"Debug\\" /Fd"Debug\vc100.pdb" /Gd /TP /analyze- /errorReport:prompt scatrch.cpp
         scatrch.cpp
       ManifestResourceCompile:
         All outputs are up-to-date.
       Link:
         c:\Program Files (x86)\Microsoft Visual Studio 10.0\VC\bin\link.exe /ERRORREPORT:PROMPT /OUT:"C:\Users\njagdale\documents\visual studio 2010\Projects\scratch\Debug\scratch.exe" /INCREMENTAL /NOLOGO kernel32.lib user32.lib gdi32.lib winspool.lib comdlg32.lib advapi32.lib shell32.lib ole32.lib oleaut32.lib uuid.lib odbc32.lib odbccp32.lib /MANIFEST /ManifestFile:"Debug\scratch.exe.intermediate.manifest" /MANIFESTUAC:"level='asInvoker' uiAccess='false'" /DEBUG /PDB:"C:\Users\njagdale\documents\visual studio 2010\Projects\scratch\Debug\scratch.pdb" /SUBSYSTEM:CONSOLE /TLBID:1 /DYNAMICBASE /NXCOMPAT /IMPLIB:"C:\Users\njagdale\documents\visual studio 2010\Projects\scratch\Debug\scratch.lib" /MACHINE:X86 Debug\scratch.exe.embed.manifest.res
         Debug\scatrch.obj
       Manifest:
         C:\Program Files (x86)\Microsoft SDKs\Windows\v7.0A\bin\mt.exe /nologo /verbose /out:"Debug\scratch.exe.embed.manifest" /manifest Debug\scratch.exe.intermediate.manifest
         All outputs are up-to-date.
       LinkEmbedManifest:
         All outputs are up-to-date.
         scratch.vcxproj -> C:\Users\njagdale\documents\visual studio 2010\Projects\scratch\Debug\scratch.exe
       FinalizeBuildStatus:
         Deleting file "Debug\scratch.unsuccessfulbuild".
         Touching "Debug\scratch.lastbuildstate".
     1>Done Building Project "C:\Users\njagdale\documents\visual studio 2010\Projects\scratch\scratch\scratch.vcxproj" (build target(s)).

Build succeeded.

Time Elapsed 00:00:01.53
