C:\USERS\NJAGDALE\DOCUMENTS\VISUAL STUDIO 2010\PROJECTS\PRACTICE\C_LINKEDLISTLIST_SCRATCH\DEBUG\ADDITION.OBJ
C:\Users\njagdale\Documents\Visual Studio 2010\Projects\Practice\C_linkedlistlist_scratch\Debug\C_linkedlistlist_scratch.vcxprojResolveAssemblyReference.cache
C:\Users\njagdale\Documents\Visual Studio 2010\Projects\Practice\C_linkedlistlist_scratch\Debug\cl.command.1.tlog
C:\Users\njagdale\Documents\Visual Studio 2010\Projects\Practice\C_linkedlistlist_scratch\Debug\CL.read.1.tlog
C:\Users\njagdale\Documents\Visual Studio 2010\Projects\Practice\C_linkedlistlist_scratch\Debug\CL.write.1.tlog
C:\Users\njagdale\Documents\Visual Studio 2010\Projects\Practice\C_linkedlistlist_scratch\Debug\link.5616.read.1.tlog
C:\Users\njagdale\Documents\Visual Studio 2010\Projects\Practice\C_linkedlistlist_scratch\Debug\link.5616.write.1.tlog
C:\Users\njagdale\Documents\Visual Studio 2010\Projects\Practice\C_linkedlistlist_scratch\Debug\link.5616-cvtres.read.1.tlog
C:\Users\njagdale\Documents\Visual Studio 2010\Projects\Practice\C_linkedlistlist_scratch\Debug\link.5616-cvtres.write.1.tlog
C:\Users\njagdale\Documents\Visual Studio 2010\Projects\Practice\C_linkedlistlist_scratch\Debug\link.8380.read.1.tlog
C:\Users\njagdale\Documents\Visual Studio 2010\Projects\Practice\C_linkedlistlist_scratch\Debug\link.8380.write.1.tlog
C:\Users\njagdale\Documents\Visual Studio 2010\Projects\Practice\C_linkedlistlist_scratch\Debug\link.8380-cvtres.read.1.tlog
C:\Users\njagdale\Documents\Visual Studio 2010\Projects\Practice\C_linkedlistlist_scratch\Debug\link.8380-cvtres.write.1.tlog
C:\Users\njagdale\Documents\Visual Studio 2010\Projects\Practice\C_linkedlistlist_scratch\Debug\link.command.1.tlog
C:\Users\njagdale\Documents\Visual Studio 2010\Projects\Practice\C_linkedlistlist_scratch\Debug\link.read.1.tlog
C:\Users\njagdale\Documents\Visual Studio 2010\Projects\Practice\C_linkedlistlist_scratch\Debug\link.write.1.tlog
C:\Users\njagdale\Documents\Visual Studio 2010\Projects\Practice\C_linkedlistlist_scratch\Debug\link-cvtres.read.1.tlog
C:\Users\njagdale\Documents\Visual Studio 2010\Projects\Practice\C_linkedlistlist_scratch\Debug\link-cvtres.write.1.tlog
C:\USERS\NJAGDALE\DOCUMENTS\VISUAL STUDIO 2010\PROJECTS\PRACTICE\C_LINKEDLISTLIST_SCRATCH\DEBUG\LINKEDLISTS.EXE.EMBED.MANIFEST
C:\USERS\NJAGDALE\DOCUMENTS\VISUAL STUDIO 2010\PROJECTS\PRACTICE\C_LINKEDLISTLIST_SCRATCH\DEBUG\LINKEDLISTS.EXE.EMBED.MANIFEST.RES
C:\USERS\NJAGDALE\DOCUMENTS\VISUAL STUDIO 2010\PROJECTS\PRACTICE\C_LINKEDLISTLIST_SCRATCH\DEBUG\LINKEDLISTS.EXE.INTERMEDIATE.MANIFEST
C:\Users\njagdale\Documents\Visual Studio 2010\Projects\Practice\C_linkedlistlist_scratch\Debug\LinkedLists.write.1.tlog
C:\Users\njagdale\Documents\Visual Studio 2010\Projects\Practice\C_linkedlistlist_scratch\Debug\LinkedLists_manifest.rc
C:\USERS\NJAGDALE\DOCUMENTS\VISUAL STUDIO 2010\PROJECTS\PRACTICE\C_LINKEDLISTLIST_SCRATCH\DEBUG\LL_OPER.OBJ
C:\USERS\NJAGDALE\DOCUMENTS\VISUAL STUDIO 2010\PROJECTS\PRACTICE\C_LINKEDLISTLIST_SCRATCH\DEBUG\LL_PARITION.OBJ
C:\USERS\NJAGDALE\DOCUMENTS\VISUAL STUDIO 2010\PROJECTS\PRACTICE\C_LINKEDLISTLIST_SCRATCH\DEBUG\MAIN.OBJ
C:\Users\njagdale\Documents\Visual Studio 2010\Projects\Practice\C_linkedlistlist_scratch\Debug\mt.command.1.tlog
C:\Users\njagdale\Documents\Visual Studio 2010\Projects\Practice\C_linkedlistlist_scratch\Debug\mt.read.1.tlog
C:\Users\njagdale\Documents\Visual Studio 2010\Projects\Practice\C_linkedlistlist_scratch\Debug\mt.write.1.tlog
C:\Users\njagdale\Documents\Visual Studio 2010\Projects\Practice\C_linkedlistlist_scratch\Debug\rc.command.1.tlog
C:\Users\njagdale\Documents\Visual Studio 2010\Projects\Practice\C_linkedlistlist_scratch\Debug\rc.read.1.tlog
C:\Users\njagdale\Documents\Visual Studio 2010\Projects\Practice\C_linkedlistlist_scratch\Debug\rc.write.1.tlog
C:\Users\njagdale\Documents\Visual Studio 2010\Projects\Practice\C_linkedlistlist_scratch\Debug\vc100.idb
C:\USERS\NJAGDALE\DOCUMENTS\VISUAL STUDIO 2010\PROJECTS\PRACTICE\C_LINKEDLISTLIST_SCRATCH\DEBUG\VC100.PDB
C:\USERS\NJAGDALE\DOCUMENTS\VISUAL STUDIO 2010\PROJECTS\PRACTICE\DEBUG\LINKEDLISTS.EXE
C:\USERS\NJAGDALE\DOCUMENTS\VISUAL STUDIO 2010\PROJECTS\PRACTICE\DEBUG\LINKEDLISTS.ILK
C:\USERS\NJAGDALE\DOCUMENTS\VISUAL STUDIO 2010\PROJECTS\PRACTICE\DEBUG\LINKEDLISTS.PDB
