C:\USERS\NJAGDALE\DOCUMENTS\VISUAL STUDIO 2010\PROJECTS\PRACTICE\DEBUG\FOO.EXE
C:\USERS\NJAGDALE\DOCUMENTS\VISUAL STUDIO 2010\PROJECTS\PRACTICE\DEBUG\FOO.ILK
C:\USERS\NJAGDALE\DOCUMENTS\VISUAL STUDIO 2010\PROJECTS\PRACTICE\DEBUG\FOO.PDB
C:\Users\njagdale\Documents\Visual Studio 2010\Projects\Practice\foo\Debug\cl.command.1.tlog
C:\Users\njagdale\Documents\Visual Studio 2010\Projects\Practice\foo\Debug\CL.read.1.tlog
C:\Users\njagdale\Documents\Visual Studio 2010\Projects\Practice\foo\Debug\CL.write.1.tlog
C:\USERS\NJAGDALE\DOCUMENTS\VISUAL STUDIO 2010\PROJECTS\PRACTICE\FOO\DEBUG\FOO.EXE.EMBED.MANIFEST
C:\USERS\NJAGDALE\DOCUMENTS\VISUAL STUDIO 2010\PROJECTS\PRACTICE\FOO\DEBUG\FOO.EXE.EMBED.MANIFEST.RES
C:\USERS\NJAGDALE\DOCUMENTS\VISUAL STUDIO 2010\PROJECTS\PRACTICE\FOO\DEBUG\FOO.EXE.INTERMEDIATE.MANIFEST
C:\Users\njagdale\Documents\Visual Studio 2010\Projects\Practice\foo\Debug\foo.vcxprojResolveAssemblyReference.cache
C:\Users\njagdale\Documents\Visual Studio 2010\Projects\Practice\foo\Debug\foo.write.1.tlog
C:\Users\njagdale\Documents\Visual Studio 2010\Projects\Practice\foo\Debug\foo_manifest.rc
C:\Users\njagdale\Documents\Visual Studio 2010\Projects\Practice\foo\Debug\link.36612.read.1.tlog
C:\Users\njagdale\Documents\Visual Studio 2010\Projects\Practice\foo\Debug\link.36612.write.1.tlog
C:\Users\njagdale\Documents\Visual Studio 2010\Projects\Practice\foo\Debug\link.36612-cvtres.read.1.tlog
C:\Users\njagdale\Documents\Visual Studio 2010\Projects\Practice\foo\Debug\link.36612-cvtres.write.1.tlog
C:\Users\njagdale\Documents\Visual Studio 2010\Projects\Practice\foo\Debug\link.37120.read.1.tlog
C:\Users\njagdale\Documents\Visual Studio 2010\Projects\Practice\foo\Debug\link.37120.write.1.tlog
C:\Users\njagdale\Documents\Visual Studio 2010\Projects\Practice\foo\Debug\link.37120-cvtres.read.1.tlog
C:\Users\njagdale\Documents\Visual Studio 2010\Projects\Practice\foo\Debug\link.37120-cvtres.write.1.tlog
C:\Users\njagdale\Documents\Visual Studio 2010\Projects\Practice\foo\Debug\link.command.1.tlog
C:\Users\njagdale\Documents\Visual Studio 2010\Projects\Practice\foo\Debug\link.read.1.tlog
C:\Users\njagdale\Documents\Visual Studio 2010\Projects\Practice\foo\Debug\link.write.1.tlog
C:\Users\njagdale\Documents\Visual Studio 2010\Projects\Practice\foo\Debug\link-cvtres.read.1.tlog
C:\Users\njagdale\Documents\Visual Studio 2010\Projects\Practice\foo\Debug\link-cvtres.write.1.tlog
C:\USERS\NJAGDALE\DOCUMENTS\VISUAL STUDIO 2010\PROJECTS\PRACTICE\FOO\DEBUG\MAIN.OBJ
C:\Users\njagdale\Documents\Visual Studio 2010\Projects\Practice\foo\Debug\mt.command.1.tlog
C:\Users\njagdale\Documents\Visual Studio 2010\Projects\Practice\foo\Debug\mt.read.1.tlog
C:\Users\njagdale\Documents\Visual Studio 2010\Projects\Practice\foo\Debug\mt.write.1.tlog
C:\Users\njagdale\Documents\Visual Studio 2010\Projects\Practice\foo\Debug\rc.command.1.tlog
C:\Users\njagdale\Documents\Visual Studio 2010\Projects\Practice\foo\Debug\rc.read.1.tlog
C:\Users\njagdale\Documents\Visual Studio 2010\Projects\Practice\foo\Debug\rc.write.1.tlog
C:\Users\njagdale\Documents\Visual Studio 2010\Projects\Practice\foo\Debug\vc100.idb
C:\USERS\NJAGDALE\DOCUMENTS\VISUAL STUDIO 2010\PROJECTS\PRACTICE\FOO\DEBUG\VC100.PDB
