Build started 12/15/2013 11:00:12 AM.
     1>Project "c:\Users\njagdale\documents\visual studio 2010\Projects\Rotate_Matrix\Rotate_Matrix\Rotate_Matrix.vcxproj" on node 2 (build target(s)).
     1>PrepareForBuild:
         Creating directory "c:\users\njagdale\documents\visual studio 2010\Projects\Rotate_Matrix\Debug\".
       InitializeBuildStatus:
         Creating "Debug\Rotate_Matrix.unsuccessfulbuild" because "AlwaysCreate" was specified.
       ClCompile:
         c:\Program Files (x86)\Microsoft Visual Studio 10.0\VC\bin\CL.exe /c /ZI /nologo /W3 /WX- /Od /Oy- /D WIN32 /D _DEBUG /D _CONSOLE /D _UNICODE /D UNICODE /Gm /EHsc /RTC1 /MDd /GS /fp:precise /Zc:wchar_t /Zc:forScope /Fo"Debug\\" /Fd"Debug\vc100.pdb" /Gd /TP /analyze- /errorReport:prompt main.cpp
         main.cpp
       ManifestResourceCompile:
         C:\Program Files (x86)\Microsoft SDKs\Windows\v7.0A\bin\rc.exe /nologo /fo"Debug\Rotate_Matrix.exe.embed.manifest.res" Debug\Rotate_Matrix_manifest.rc 
       Link:
         c:\Program Files (x86)\Microsoft Visual Studio 10.0\VC\bin\link.exe /ERRORREPORT:PROMPT /OUT:"c:\users\njagdale\documents\visual studio 2010\Projects\Rotate_Matrix\Debug\Rotate_Matrix.exe" /INCREMENTAL /NOLOGO kernel32.lib user32.lib gdi32.lib winspool.lib comdlg32.lib advapi32.lib shell32.lib ole32.lib oleaut32.lib uuid.lib odbc32.lib odbccp32.lib /MANIFEST /ManifestFile:"Debug\Rotate_Matrix.exe.intermediate.manifest" /MANIFESTUAC:"level='asInvoker' uiAccess='false'" /DEBUG /PDB:"c:\users\njagdale\documents\visual studio 2010\Projects\Rotate_Matrix\Debug\Rotate_Matrix.pdb" /SUBSYSTEM:CONSOLE /TLBID:1 /DYNAMICBASE /NXCOMPAT /IMPLIB:"c:\users\njagdale\documents\visual studio 2010\Projects\Rotate_Matrix\Debug\Rotate_Matrix.lib" /MACHINE:X86 Debug\Rotate_Matrix.exe.embed.manifest.res
         Debug\main.obj
       Manifest:
         C:\Program Files (x86)\Microsoft SDKs\Windows\v7.0A\bin\mt.exe /nologo /verbose /out:"Debug\Rotate_Matrix.exe.embed.manifest" /manifest Debug\Rotate_Matrix.exe.intermediate.manifest
         C:\Program Files (x86)\Microsoft SDKs\Windows\v7.0A\bin\rc.exe /nologo /fo"Debug\Rotate_Matrix.exe.embed.manifest.res" Debug\Rotate_Matrix_manifest.rc 
       LinkEmbedManifest:
         c:\Program Files (x86)\Microsoft Visual Studio 10.0\VC\bin\link.exe /ERRORREPORT:PROMPT /OUT:"c:\users\njagdale\documents\visual studio 2010\Projects\Rotate_Matrix\Debug\Rotate_Matrix.exe" /INCREMENTAL /NOLOGO kernel32.lib user32.lib gdi32.lib winspool.lib comdlg32.lib advapi32.lib shell32.lib ole32.lib oleaut32.lib uuid.lib odbc32.lib odbccp32.lib /MANIFEST /ManifestFile:"Debug\Rotate_Matrix.exe.intermediate.manifest" /MANIFESTUAC:"level='asInvoker' uiAccess='false'" /DEBUG /PDB:"c:\users\njagdale\documents\visual studio 2010\Projects\Rotate_Matrix\Debug\Rotate_Matrix.pdb" /SUBSYSTEM:CONSOLE /TLBID:1 /DYNAMICBASE /NXCOMPAT /IMPLIB:"c:\users\njagdale\documents\visual studio 2010\Projects\Rotate_Matrix\Debug\Rotate_Matrix.lib" /MACHINE:X86 Debug\Rotate_Matrix.exe.embed.manifest.res
         Debug\main.obj
         Rotate_Matrix.vcxproj -> c:\users\njagdale\documents\visual studio 2010\Projects\Rotate_Matrix\Debug\Rotate_Matrix.exe
       FinalizeBuildStatus:
         Deleting file "Debug\Rotate_Matrix.unsuccessfulbuild".
         Touching "Debug\Rotate_Matrix.lastbuildstate".
     1>Done Building Project "c:\Users\njagdale\documents\visual studio 2010\Projects\Rotate_Matrix\Rotate_Matrix\Rotate_Matrix.vcxproj" (build target(s)).

Build succeeded.

Time Elapsed 00:00:04.30
