C:\USERS\NJAGDALE\DOCUMENTS\VISUAL STUDIO 2010\PROJECTS\JARVIS\DEBUG\JARVIS.EXE
C:\USERS\NJAGDALE\DOCUMENTS\VISUAL STUDIO 2010\PROJECTS\JARVIS\DEBUG\JARVIS.ILK
C:\USERS\NJAGDALE\DOCUMENTS\VISUAL STUDIO 2010\PROJECTS\JARVIS\DEBUG\JARVIS.PDB
c:\Users\njagdale\documents\visual studio 2010\Projects\Jarvis\Jarvis\Debug\cl.command.1.tlog
c:\Users\njagdale\documents\visual studio 2010\Projects\Jarvis\Jarvis\Debug\CL.read.1.tlog
c:\Users\njagdale\documents\visual studio 2010\Projects\Jarvis\Jarvis\Debug\CL.write.1.tlog
C:\USERS\NJAGDALE\DOCUMENTS\VISUAL STUDIO 2010\PROJECTS\JARVIS\JARVIS\DEBUG\JARVIS.EXE.EMBED.MANIFEST
C:\USERS\NJAGDALE\DOCUMENTS\VISUAL STUDIO 2010\PROJECTS\JARVIS\JARVIS\DEBUG\JARVIS.EXE.EMBED.MANIFEST.RES
C:\USERS\NJAGDALE\DOCUMENTS\VISUAL STUDIO 2010\PROJECTS\JARVIS\JARVIS\DEBUG\JARVIS.EXE.INTERMEDIATE.MANIFEST
c:\Users\njagdale\documents\visual studio 2010\Projects\Jarvis\Jarvis\Debug\Jarvis_manifest.rc
C:\USERS\NJAGDALE\DOCUMENTS\VISUAL STUDIO 2010\PROJECTS\JARVIS\JARVIS\DEBUG\JARVISINTERFACE.OBJ
c:\Users\njagdale\documents\visual studio 2010\Projects\Jarvis\Jarvis\Debug\link.6048.read.1.tlog
c:\Users\njagdale\documents\visual studio 2010\Projects\Jarvis\Jarvis\Debug\link.6048.write.1.tlog
c:\Users\njagdale\documents\visual studio 2010\Projects\Jarvis\Jarvis\Debug\link.6048-cvtres.read.1.tlog
c:\Users\njagdale\documents\visual studio 2010\Projects\Jarvis\Jarvis\Debug\link.6048-cvtres.write.1.tlog
c:\Users\njagdale\documents\visual studio 2010\Projects\Jarvis\Jarvis\Debug\link.9288.read.1.tlog
c:\Users\njagdale\documents\visual studio 2010\Projects\Jarvis\Jarvis\Debug\link.9288.write.1.tlog
c:\Users\njagdale\documents\visual studio 2010\Projects\Jarvis\Jarvis\Debug\link.9288-cvtres.read.1.tlog
c:\Users\njagdale\documents\visual studio 2010\Projects\Jarvis\Jarvis\Debug\link.9288-cvtres.write.1.tlog
c:\Users\njagdale\documents\visual studio 2010\Projects\Jarvis\Jarvis\Debug\link.command.1.tlog
c:\Users\njagdale\documents\visual studio 2010\Projects\Jarvis\Jarvis\Debug\link.read.1.tlog
c:\Users\njagdale\documents\visual studio 2010\Projects\Jarvis\Jarvis\Debug\link.write.1.tlog
c:\Users\njagdale\documents\visual studio 2010\Projects\Jarvis\Jarvis\Debug\link-cvtres.read.1.tlog
c:\Users\njagdale\documents\visual studio 2010\Projects\Jarvis\Jarvis\Debug\link-cvtres.write.1.tlog
c:\Users\njagdale\documents\visual studio 2010\Projects\Jarvis\Jarvis\Debug\mt.command.1.tlog
c:\Users\njagdale\documents\visual studio 2010\Projects\Jarvis\Jarvis\Debug\mt.read.1.tlog
c:\Users\njagdale\documents\visual studio 2010\Projects\Jarvis\Jarvis\Debug\mt.write.1.tlog
c:\Users\njagdale\documents\visual studio 2010\Projects\Jarvis\Jarvis\Debug\rc.command.1.tlog
c:\Users\njagdale\documents\visual studio 2010\Projects\Jarvis\Jarvis\Debug\rc.read.1.tlog
c:\Users\njagdale\documents\visual studio 2010\Projects\Jarvis\Jarvis\Debug\rc.write.1.tlog
c:\Users\njagdale\documents\visual studio 2010\Projects\Jarvis\Jarvis\Debug\vc100.idb
C:\USERS\NJAGDALE\DOCUMENTS\VISUAL STUDIO 2010\PROJECTS\JARVIS\JARVIS\DEBUG\VC100.PDB
