Build started 11/24/2013 10:52:34 PM.
     1>Project "c:\Users\njagdale\documents\visual studio 2010\Projects\VectorExampel\VectorExampel\VectorExampel.vcxproj" on node 2 (build target(s)).
     1>InitializeBuildStatus:
         Creating "Debug\VectorExampel.unsuccessfulbuild" because "AlwaysCreate" was specified.
       ClCompile:
         c:\Program Files (x86)\Microsoft Visual Studio 10.0\VC\bin\CL.exe /c /ZI /nologo /W3 /WX- /Od /Oy- /D WIN32 /D _DEBUG /D _CONSOLE /D _UNICODE /D UNICODE /Gm /EHsc /RTC1 /MDd /GS /fp:precise /Zc:wchar_t /Zc:forScope /Fo"Debug\\" /Fd"Debug\vc100.pdb" /Gd /TP /analyze- /errorReport:prompt Vector.cpp
         Vector.cpp
       ManifestResourceCompile:
         All outputs are up-to-date.
       Link:
         c:\Program Files (x86)\Microsoft Visual Studio 10.0\VC\bin\link.exe /ERRORREPORT:PROMPT /OUT:"c:\users\njagdale\documents\visual studio 2010\Projects\VectorExampel\Debug\VectorExampel.exe" /INCREMENTAL /NOLOGO kernel32.lib user32.lib gdi32.lib winspool.lib comdlg32.lib advapi32.lib shell32.lib ole32.lib oleaut32.lib uuid.lib odbc32.lib odbccp32.lib /MANIFEST /ManifestFile:"Debug\VectorExampel.exe.intermediate.manifest" /MANIFESTUAC:"level='asInvoker' uiAccess='false'" /DEBUG /PDB:"c:\users\njagdale\documents\visual studio 2010\Projects\VectorExampel\Debug\VectorExampel.pdb" /SUBSYSTEM:CONSOLE /TLBID:1 /DYNAMICBASE /NXCOMPAT /IMPLIB:"c:\users\njagdale\documents\visual studio 2010\Projects\VectorExampel\Debug\VectorExampel.lib" /MACHINE:X86 Debug\VectorExampel.exe.embed.manifest.res
         Debug\Vector.obj
       Manifest:
         C:\Program Files (x86)\Microsoft SDKs\Windows\v7.0A\bin\mt.exe /nologo /verbose /out:"Debug\VectorExampel.exe.embed.manifest" /manifest Debug\VectorExampel.exe.intermediate.manifest
         All outputs are up-to-date.
       LinkEmbedManifest:
         All outputs are up-to-date.
         VectorExampel.vcxproj -> c:\users\njagdale\documents\visual studio 2010\Projects\VectorExampel\Debug\VectorExampel.exe
       FinalizeBuildStatus:
         Deleting file "Debug\VectorExampel.unsuccessfulbuild".
         Touching "Debug\VectorExampel.lastbuildstate".
     1>Done Building Project "c:\Users\njagdale\documents\visual studio 2010\Projects\VectorExampel\VectorExampel\VectorExampel.vcxproj" (build target(s)).

Build succeeded.

Time Elapsed 00:00:02.12
