C:\USERS\NJAGDALE\DOCUMENTS\VISUAL STUDIO 2010\PROJECTS\PRACTICE\BITTWIDDLING\DEBUG\BINREPDECIMAL.OBJ
C:\USERS\NJAGDALE\DOCUMENTS\VISUAL STUDIO 2010\PROJECTS\PRACTICE\BITTWIDDLING\DEBUG\BITTWIDDLING.EXE.INTERMEDIATE.MANIFEST
C:\Users\njagdale\Documents\Visual Studio 2010\Projects\Practice\BitTwiddling\Debug\BitTwiddling.vcxprojResolveAssemblyReference.cache
C:\Users\njagdale\Documents\Visual Studio 2010\Projects\Practice\BitTwiddling\Debug\BitTwiddling.write.1.tlog
C:\Users\njagdale\Documents\Visual Studio 2010\Projects\Practice\BitTwiddling\Debug\cl.command.1.tlog
C:\Users\njagdale\Documents\Visual Studio 2010\Projects\Practice\BitTwiddling\Debug\CL.read.1.tlog
C:\Users\njagdale\Documents\Visual Studio 2010\Projects\Practice\BitTwiddling\Debug\CL.write.1.tlog
C:\USERS\NJAGDALE\DOCUMENTS\VISUAL STUDIO 2010\PROJECTS\PRACTICE\BITTWIDDLING\DEBUG\COUNTONES.OBJ
C:\Users\njagdale\Documents\Visual Studio 2010\Projects\Practice\BitTwiddling\Debug\link.command.1.tlog
C:\Users\njagdale\Documents\Visual Studio 2010\Projects\Practice\BitTwiddling\Debug\link.read.1.tlog
C:\Users\njagdale\Documents\Visual Studio 2010\Projects\Practice\BitTwiddling\Debug\link.write.1.tlog
C:\USERS\NJAGDALE\DOCUMENTS\VISUAL STUDIO 2010\PROJECTS\PRACTICE\BITTWIDDLING\DEBUG\MERGE2NUMBERS.OBJ
C:\Users\njagdale\Documents\Visual Studio 2010\Projects\Practice\BitTwiddling\Debug\mt.command.1.tlog
C:\Users\njagdale\Documents\Visual Studio 2010\Projects\Practice\BitTwiddling\Debug\mt.read.1.tlog
C:\Users\njagdale\Documents\Visual Studio 2010\Projects\Practice\BitTwiddling\Debug\mt.write.1.tlog
C:\USERS\NJAGDALE\DOCUMENTS\VISUAL STUDIO 2010\PROJECTS\PRACTICE\BITTWIDDLING\DEBUG\POWEROF2.OBJ
C:\Users\njagdale\Documents\Visual Studio 2010\Projects\Practice\BitTwiddling\Debug\vc100.idb
C:\USERS\NJAGDALE\DOCUMENTS\VISUAL STUDIO 2010\PROJECTS\PRACTICE\BITTWIDDLING\DEBUG\VC100.PDB
C:\USERS\NJAGDALE\DOCUMENTS\VISUAL STUDIO 2010\PROJECTS\PRACTICE\DEBUG\BITTWIDDLING.EXE
C:\USERS\NJAGDALE\DOCUMENTS\VISUAL STUDIO 2010\PROJECTS\PRACTICE\DEBUG\BITTWIDDLING.ILK
C:\USERS\NJAGDALE\DOCUMENTS\VISUAL STUDIO 2010\PROJECTS\PRACTICE\DEBUG\BITTWIDDLING.PDB
